[2017-03-21 20:24:11.234] [INFO] console - Connected as: stats-bot
[2017-03-21 20:24:41.733] [INFO] console - Connected as: stats-bot
[2017-03-21 20:25:32.920] [INFO] console - Connected as: stats-bot
[2017-03-22 00:03:03.878] [INFO] console - Connected as: stats-bot
[2017-03-22 00:05:01.750] [INFO] console - Connected as: stats-bot
[2017-03-22 00:05:07.165] [INFO] console - Connected as: stats-bot
[2017-03-22 00:06:13.233] [INFO] console - Connected as: stats-bot
[2017-03-22 00:06:18.343] [INFO] console - Connected as: stats-bot
[2017-03-22 00:09:04.601] [INFO] console - Connected as: stats-bot
[2017-03-22 00:10:26.250] [INFO] console - Connected as: stats-bot
[2017-03-22 00:11:36.701] [INFO] console - Connected as: stats-bot
[2017-03-22 00:12:05.436] [INFO] console - Connected as: stats-bot
[2017-03-22 01:33:09.603] [INFO] console - Connected as: stats-bot
[2017-03-22 01:51:40.566] [INFO] console - Connected as: stats-bot
[2017-03-22 16:27:57.930] [INFO] console - Connected as: stats-bot
[2017-03-22 16:29:11.703] [INFO] console - Connected as: stats-bot
[2017-03-22 20:44:42.940] [INFO] console - Connected as: stats-bot
[2017-03-22 20:49:08.659] [INFO] console - Connected as: stats-bot
[2017-03-22 20:49:13.740] [INFO] console - Connected as: stats-bot
[2017-03-22 20:55:05.507] [INFO] console - Reconnecting to server per timeout of 30ms.
[2017-03-22 20:55:13.078] [INFO] console - Reconnecting to server per timeout of 30ms.
[2017-03-22 20:55:13.111] [INFO] console - Reconnecting to server per timeout of 30ms.
[2017-03-22 20:55:13.142] [INFO] console - Reconnecting to server per timeout of 30ms.
[2017-03-22 20:55:13.173] [INFO] console - Reconnecting to server per timeout of 30ms.
[2017-03-22 20:55:13.206] [INFO] console - Reconnecting to server per timeout of 30ms.
[2017-03-22 20:55:13.236] [INFO] console - Reconnecting to server per timeout of 30ms.
[2017-03-22 20:55:13.267] [INFO] console - Reconnecting to server per timeout of 30ms.
[2017-03-22 20:55:13.298] [INFO] console - Reconnecting to server per timeout of 30ms.
[2017-03-22 20:55:13.329] [INFO] console - Reconnecting to server per timeout of 30ms.
[2017-03-22 20:55:13.360] [INFO] console - Reconnecting to server per timeout of 30ms.
[2017-03-22 20:55:13.390] [INFO] console - Reconnecting to server per timeout of 30ms.
[2017-03-22 20:55:13.421] [INFO] console - Reconnecting to server per timeout of 30ms.
[2017-03-22 20:55:13.452] [INFO] console - Reconnecting to server per timeout of 30ms.
[2017-03-22 20:55:13.483] [INFO] console - Reconnecting to server per timeout of 30ms.
[2017-03-22 20:55:13.512] [INFO] console - Reconnecting to server per timeout of 30ms.
[2017-03-22 20:55:13.543] [INFO] console - Reconnecting to server per timeout of 30ms.
[2017-03-22 20:55:13.573] [INFO] console - Reconnecting to server per timeout of 30ms.
[2017-03-22 20:55:13.604] [INFO] console - Reconnecting to server per timeout of 30ms.
[2017-03-22 20:55:13.634] [INFO] console - Reconnecting to server per timeout of 30ms.
[2017-03-22 20:55:13.663] [INFO] console - Reconnecting to server per timeout of 30ms.
[2017-03-22 20:55:13.694] [INFO] console - Reconnecting to server per timeout of 30ms.
[2017-03-22 20:55:13.723] [INFO] console - Reconnecting to server per timeout of 30ms.
[2017-03-22 20:55:13.754] [INFO] console - Reconnecting to server per timeout of 30ms.
[2017-03-22 20:55:13.784] [INFO] console - Reconnecting to server per timeout of 30ms.
[2017-03-22 20:55:13.815] [INFO] console - Reconnecting to server per timeout of 30ms.
[2017-03-22 20:55:13.845] [INFO] console - Reconnecting to server per timeout of 30ms.
[2017-03-22 20:55:13.876] [INFO] console - Reconnecting to server per timeout of 30ms.
[2017-03-22 20:55:13.907] [INFO] console - Reconnecting to server per timeout of 30ms.
[2017-03-22 20:55:13.938] [INFO] console - Reconnecting to server per timeout of 30ms.
[2017-03-22 20:55:13.969] [INFO] console - Reconnecting to server per timeout of 30ms.
[2017-03-22 20:55:13.999] [INFO] console - Reconnecting to server per timeout of 30ms.
[2017-03-22 20:55:14.028] [INFO] console - Reconnecting to server per timeout of 30ms.
[2017-03-22 20:55:14.059] [INFO] console - Reconnecting to server per timeout of 30ms.
[2017-03-22 20:55:14.089] [INFO] console - Reconnecting to server per timeout of 30ms.
[2017-03-22 20:55:14.120] [INFO] console - Reconnecting to server per timeout of 30ms.
[2017-03-22 20:55:14.152] [INFO] console - Reconnecting to server per timeout of 30ms.
[2017-03-22 20:55:14.183] [INFO] console - Reconnecting to server per timeout of 30ms.
[2017-03-22 20:55:14.214] [INFO] console - Reconnecting to server per timeout of 30ms.
[2017-03-22 20:55:14.243] [INFO] console - Reconnecting to server per timeout of 30ms.
[2017-03-22 20:55:14.274] [INFO] console - Reconnecting to server per timeout of 30ms.
[2017-03-22 20:55:14.304] [INFO] console - Reconnecting to server per timeout of 30ms.
[2017-03-22 20:55:14.335] [INFO] console - Reconnecting to server per timeout of 30ms.
[2017-03-22 20:55:14.364] [INFO] console - Reconnecting to server per timeout of 30ms.
[2017-03-22 20:55:14.395] [INFO] console - Reconnecting to server per timeout of 30ms.
[2017-03-22 20:55:14.426] [INFO] console - Reconnecting to server per timeout of 30ms.
[2017-03-22 20:55:14.457] [INFO] console - Reconnecting to server per timeout of 30ms.
[2017-03-22 20:55:14.487] [INFO] console - Reconnecting to server per timeout of 30ms.
[2017-03-22 20:55:14.518] [INFO] console - Reconnecting to server per timeout of 30ms.
[2017-03-22 20:55:14.547] [INFO] console - Reconnecting to server per timeout of 30ms.
[2017-03-22 20:55:14.579] [INFO] console - Reconnecting to server per timeout of 30ms.
[2017-03-22 20:55:14.609] [INFO] console - Reconnecting to server per timeout of 30ms.
[2017-03-22 20:55:14.640] [INFO] console - Reconnecting to server per timeout of 30ms.
[2017-03-22 20:55:14.670] [INFO] console - Reconnecting to server per timeout of 30ms.
[2017-03-22 20:55:14.702] [INFO] console - Reconnecting to server per timeout of 30ms.
[2017-03-22 20:55:14.733] [INFO] console - Reconnecting to server per timeout of 30ms.
[2017-03-22 20:55:14.764] [INFO] console - Reconnecting to server per timeout of 30ms.
[2017-03-22 20:55:14.793] [INFO] console - Reconnecting to server per timeout of 30ms.
[2017-03-22 20:55:14.824] [INFO] console - Reconnecting to server per timeout of 30ms.
[2017-03-22 20:55:14.855] [INFO] console - Reconnecting to server per timeout of 30ms.
[2017-03-22 20:55:14.885] [INFO] console - Reconnecting to server per timeout of 30ms.
[2017-03-22 20:55:14.916] [INFO] console - Reconnecting to server per timeout of 30ms.
[2017-03-22 20:55:14.946] [INFO] console - Reconnecting to server per timeout of 30ms.
[2017-03-22 20:55:14.977] [INFO] console - Reconnecting to server per timeout of 30ms.
[2017-03-22 20:55:15.007] [INFO] console - Reconnecting to server per timeout of 30ms.
[2017-03-22 20:55:15.037] [INFO] console - Reconnecting to server per timeout of 30ms.
[2017-03-22 20:55:15.067] [INFO] console - Reconnecting to server per timeout of 30ms.
[2017-03-22 20:55:15.099] [INFO] console - Reconnecting to server per timeout of 30ms.
[2017-03-22 20:55:15.130] [INFO] console - Reconnecting to server per timeout of 30ms.
[2017-03-22 20:55:15.162] [INFO] console - Reconnecting to server per timeout of 30ms.
[2017-03-22 20:55:15.191] [INFO] console - Reconnecting to server per timeout of 30ms.
[2017-03-22 20:55:15.222] [INFO] console - Reconnecting to server per timeout of 30ms.
[2017-03-22 20:55:15.251] [INFO] console - Reconnecting to server per timeout of 30ms.
[2017-03-22 20:55:15.284] [INFO] console - Reconnecting to server per timeout of 30ms.
[2017-03-22 20:55:15.313] [INFO] console - Reconnecting to server per timeout of 30ms.
[2017-03-22 20:55:15.343] [INFO] console - Reconnecting to server per timeout of 30ms.
[2017-03-22 20:55:15.374] [INFO] console - Reconnecting to server per timeout of 30ms.
[2017-03-22 20:55:15.405] [INFO] console - Reconnecting to server per timeout of 30ms.
[2017-03-22 20:55:15.434] [INFO] console - Reconnecting to server per timeout of 30ms.
[2017-03-22 20:55:15.465] [INFO] console - Reconnecting to server per timeout of 30ms.
[2017-03-22 20:55:15.495] [INFO] console - Reconnecting to server per timeout of 30ms.
[2017-03-22 20:55:15.527] [INFO] console - Reconnecting to server per timeout of 30ms.
[2017-03-22 20:55:15.556] [INFO] console - Reconnecting to server per timeout of 30ms.
[2017-03-22 20:55:15.587] [INFO] console - Reconnecting to server per timeout of 30ms.
[2017-03-22 20:55:15.617] [INFO] console - Reconnecting to server per timeout of 30ms.
[2017-03-22 20:55:15.649] [INFO] console - Reconnecting to server per timeout of 30ms.
[2017-03-22 20:55:15.680] [INFO] console - Reconnecting to server per timeout of 30ms.
[2017-03-22 20:55:15.709] [INFO] console - Reconnecting to server per timeout of 30ms.
[2017-03-22 20:55:15.740] [INFO] console - Reconnecting to server per timeout of 30ms.
[2017-03-22 20:55:15.769] [INFO] console - Reconnecting to server per timeout of 30ms.
[2017-03-22 20:55:15.800] [INFO] console - Reconnecting to server per timeout of 30ms.
[2017-03-22 20:55:15.831] [INFO] console - Reconnecting to server per timeout of 30ms.
[2017-03-22 20:55:15.861] [INFO] console - Reconnecting to server per timeout of 30ms.
[2017-03-22 20:55:15.892] [INFO] console - Reconnecting to server per timeout of 30ms.
[2017-03-22 20:55:15.922] [INFO] console - Reconnecting to server per timeout of 30ms.
[2017-03-22 20:55:15.953] [INFO] console - Reconnecting to server per timeout of 30ms.
[2017-03-22 20:55:15.983] [INFO] console - Reconnecting to server per timeout of 30ms.
[2017-03-22 20:55:16.013] [INFO] console - Reconnecting to server per timeout of 30ms.
[2017-03-22 20:55:16.044] [INFO] console - Reconnecting to server per timeout of 30ms.
[2017-03-22 20:55:16.075] [INFO] console - Reconnecting to server per timeout of 30ms.
[2017-03-22 20:55:16.106] [INFO] console - Reconnecting to server per timeout of 30ms.
[2017-03-22 20:55:16.136] [INFO] console - Reconnecting to server per timeout of 30ms.
[2017-03-22 20:55:16.167] [INFO] console - Reconnecting to server per timeout of 30ms.
[2017-03-22 20:55:16.198] [INFO] console - Reconnecting to server per timeout of 30ms.
[2017-03-22 20:55:16.229] [INFO] console - Reconnecting to server per timeout of 30ms.
[2017-03-22 20:55:16.258] [INFO] console - Reconnecting to server per timeout of 30ms.
[2017-03-22 20:55:16.289] [INFO] console - Reconnecting to server per timeout of 30ms.
[2017-03-22 20:55:16.319] [INFO] console - Reconnecting to server per timeout of 30ms.
[2017-03-22 20:55:16.349] [INFO] console - Reconnecting to server per timeout of 30ms.
[2017-03-22 20:55:16.379] [INFO] console - Reconnecting to server per timeout of 30ms.
[2017-03-22 20:55:16.410] [INFO] console - Reconnecting to server per timeout of 30ms.
[2017-03-22 20:55:16.441] [INFO] console - Reconnecting to server per timeout of 30ms.
[2017-03-22 20:55:16.471] [INFO] console - Reconnecting to server per timeout of 30ms.
[2017-03-22 20:55:16.501] [INFO] console - Reconnecting to server per timeout of 30ms.
[2017-03-22 20:55:16.532] [INFO] console - Reconnecting to server per timeout of 30ms.
[2017-03-22 20:55:16.563] [INFO] console - Reconnecting to server per timeout of 30ms.
[2017-03-22 20:55:16.593] [INFO] console - Reconnecting to server per timeout of 30ms.
[2017-03-22 20:55:16.623] [INFO] console - Reconnecting to server per timeout of 30ms.
[2017-03-22 20:55:16.653] [INFO] console - Reconnecting to server per timeout of 30ms.
[2017-03-22 20:55:16.684] [INFO] console - Reconnecting to server per timeout of 30ms.
[2017-03-22 20:55:16.715] [INFO] console - Reconnecting to server per timeout of 30ms.
[2017-03-22 20:55:16.745] [INFO] console - Reconnecting to server per timeout of 30ms.
[2017-03-22 20:55:16.776] [INFO] console - Reconnecting to server per timeout of 30ms.
[2017-03-22 20:55:16.807] [INFO] console - Reconnecting to server per timeout of 30ms.
[2017-03-22 20:55:16.837] [INFO] console - Reconnecting to server per timeout of 30ms.
[2017-03-22 20:55:16.867] [INFO] console - Reconnecting to server per timeout of 30ms.
[2017-03-22 20:55:16.897] [INFO] console - Reconnecting to server per timeout of 30ms.
[2017-03-22 20:55:16.928] [INFO] console - Reconnecting to server per timeout of 30ms.
[2017-03-22 20:55:16.958] [INFO] console - Reconnecting to server per timeout of 30ms.
[2017-03-22 20:55:16.988] [INFO] console - Reconnecting to server per timeout of 30ms.
[2017-03-22 20:55:17.019] [INFO] console - Reconnecting to server per timeout of 30ms.
[2017-03-22 20:55:17.050] [INFO] console - Reconnecting to server per timeout of 30ms.
[2017-03-22 20:55:17.082] [INFO] console - Reconnecting to server per timeout of 30ms.
[2017-03-22 20:55:17.118] [INFO] console - Reconnecting to server per timeout of 30ms.
[2017-03-22 20:55:17.149] [INFO] console - Reconnecting to server per timeout of 30ms.
[2017-03-22 20:55:17.180] [INFO] console - Reconnecting to server per timeout of 30ms.
[2017-03-22 20:55:17.210] [INFO] console - Reconnecting to server per timeout of 30ms.
[2017-03-22 20:55:17.241] [INFO] console - Reconnecting to server per timeout of 30ms.
[2017-03-22 20:55:17.273] [INFO] console - Reconnecting to server per timeout of 30ms.
[2017-03-22 20:55:17.303] [INFO] console - Reconnecting to server per timeout of 30ms.
[2017-03-22 20:55:17.334] [INFO] console - Reconnecting to server per timeout of 30ms.
[2017-03-22 20:55:17.364] [INFO] console - Reconnecting to server per timeout of 30ms.
[2017-03-22 20:55:17.395] [INFO] console - Reconnecting to server per timeout of 30ms.
[2017-03-22 20:55:17.425] [INFO] console - Reconnecting to server per timeout of 30ms.
[2017-03-22 20:55:17.455] [INFO] console - Reconnecting to server per timeout of 30ms.
[2017-03-22 20:55:17.485] [INFO] console - Reconnecting to server per timeout of 30ms.
[2017-03-22 20:55:17.516] [INFO] console - Reconnecting to server per timeout of 30ms.
[2017-03-22 20:55:17.546] [INFO] console - Reconnecting to server per timeout of 30ms.
[2017-03-22 20:55:17.576] [INFO] console - Reconnecting to server per timeout of 30ms.
[2017-03-22 20:55:17.607] [INFO] console - Reconnecting to server per timeout of 30ms.
[2017-03-22 20:55:17.637] [INFO] console - Reconnecting to server per timeout of 30ms.
[2017-03-22 20:55:17.668] [INFO] console - Reconnecting to server per timeout of 30ms.
[2017-03-22 20:55:17.698] [INFO] console - Reconnecting to server per timeout of 30ms.
[2017-03-22 20:55:17.729] [INFO] console - Reconnecting to server per timeout of 30ms.
[2017-03-22 20:55:17.759] [INFO] console - Reconnecting to server per timeout of 30ms.
[2017-03-22 20:55:17.789] [INFO] console - Reconnecting to server per timeout of 30ms.
[2017-03-22 20:55:17.819] [INFO] console - Reconnecting to server per timeout of 30ms.
[2017-03-22 20:55:17.850] [INFO] console - Reconnecting to server per timeout of 30ms.
[2017-03-22 20:55:17.880] [INFO] console - Reconnecting to server per timeout of 30ms.
[2017-03-22 20:55:17.911] [INFO] console - Reconnecting to server per timeout of 30ms.
[2017-03-22 20:55:17.941] [INFO] console - Reconnecting to server per timeout of 30ms.
[2017-03-22 20:55:17.971] [INFO] console - Reconnecting to server per timeout of 30ms.
[2017-03-22 20:55:18.002] [INFO] console - Reconnecting to server per timeout of 30ms.
[2017-03-22 20:55:18.033] [INFO] console - Reconnecting to server per timeout of 30ms.
[2017-03-22 20:55:18.064] [INFO] console - Reconnecting to server per timeout of 30ms.
[2017-03-22 20:55:18.094] [INFO] console - Reconnecting to server per timeout of 30ms.
[2017-03-22 20:55:18.125] [INFO] console - Reconnecting to server per timeout of 30ms.
[2017-03-22 20:55:18.155] [INFO] console - Reconnecting to server per timeout of 30ms.
[2017-03-22 20:55:18.187] [INFO] console - Reconnecting to server per timeout of 30ms.
[2017-03-22 20:55:18.219] [INFO] console - Reconnecting to server per timeout of 30ms.
[2017-03-22 20:55:18.248] [INFO] console - Reconnecting to server per timeout of 30ms.
[2017-03-22 20:55:18.279] [INFO] console - Reconnecting to server per timeout of 30ms.
[2017-03-22 20:55:18.309] [INFO] console - Reconnecting to server per timeout of 30ms.
[2017-03-22 20:55:18.339] [INFO] console - Reconnecting to server per timeout of 30ms.
[2017-03-22 20:55:18.369] [INFO] console - Reconnecting to server per timeout of 30ms.
[2017-03-22 20:55:18.399] [INFO] console - Reconnecting to server per timeout of 30ms.
[2017-03-22 20:55:18.429] [INFO] console - Reconnecting to server per timeout of 30ms.
[2017-03-22 20:55:18.459] [INFO] console - Reconnecting to server per timeout of 30ms.
[2017-03-22 20:55:18.490] [INFO] console - Reconnecting to server per timeout of 30ms.
[2017-03-22 20:55:18.520] [INFO] console - Reconnecting to server per timeout of 30ms.
[2017-03-22 20:55:18.550] [INFO] console - Reconnecting to server per timeout of 30ms.
[2017-03-22 20:55:18.581] [INFO] console - Reconnecting to server per timeout of 30ms.
[2017-03-22 20:55:18.612] [INFO] console - Reconnecting to server per timeout of 30ms.
[2017-03-22 20:55:18.643] [INFO] console - Reconnecting to server per timeout of 30ms.
[2017-03-22 20:55:18.673] [INFO] console - Reconnecting to server per timeout of 30ms.
[2017-03-22 20:55:18.704] [INFO] console - Reconnecting to server per timeout of 30ms.
[2017-03-22 20:55:18.733] [INFO] console - Reconnecting to server per timeout of 30ms.
[2017-03-22 20:55:18.764] [INFO] console - Reconnecting to server per timeout of 30ms.
[2017-03-22 20:55:18.795] [INFO] console - Reconnecting to server per timeout of 30ms.
[2017-03-22 20:55:18.825] [INFO] console - Reconnecting to server per timeout of 30ms.
[2017-03-22 20:55:18.856] [INFO] console - Reconnecting to server per timeout of 30ms.
[2017-03-22 20:55:18.887] [INFO] console - Reconnecting to server per timeout of 30ms.
[2017-03-22 20:55:18.918] [INFO] console - Reconnecting to server per timeout of 30ms.
[2017-03-22 20:55:18.949] [INFO] console - Reconnecting to server per timeout of 30ms.
[2017-03-22 20:55:18.979] [INFO] console - Reconnecting to server per timeout of 30ms.
[2017-03-22 20:55:19.009] [INFO] console - Reconnecting to server per timeout of 30ms.
[2017-03-22 20:55:19.039] [INFO] console - Reconnecting to server per timeout of 30ms.
[2017-03-22 20:55:19.070] [INFO] console - Reconnecting to server per timeout of 30ms.
[2017-03-22 20:55:19.102] [INFO] console - Reconnecting to server per timeout of 30ms.
[2017-03-22 20:55:19.132] [INFO] console - Reconnecting to server per timeout of 30ms.
[2017-03-22 20:55:19.162] [INFO] console - Reconnecting to server per timeout of 30ms.
[2017-03-22 20:55:19.193] [INFO] console - Reconnecting to server per timeout of 30ms.
[2017-03-22 20:55:19.224] [INFO] console - Reconnecting to server per timeout of 30ms.
[2017-03-22 20:55:19.254] [INFO] console - Reconnecting to server per timeout of 30ms.
[2017-03-22 20:55:19.285] [INFO] console - Reconnecting to server per timeout of 30ms.
[2017-03-22 20:55:19.315] [INFO] console - Reconnecting to server per timeout of 30ms.
[2017-03-22 20:55:19.345] [INFO] console - Reconnecting to server per timeout of 30ms.
[2017-03-22 20:55:19.376] [INFO] console - Reconnecting to server per timeout of 30ms.
[2017-03-22 20:55:19.407] [INFO] console - Reconnecting to server per timeout of 30ms.
[2017-03-22 20:55:19.437] [INFO] console - Reconnecting to server per timeout of 30ms.
[2017-03-22 20:55:19.468] [INFO] console - Reconnecting to server per timeout of 30ms.
[2017-03-22 20:55:19.498] [INFO] console - Reconnecting to server per timeout of 30ms.
[2017-03-22 20:55:19.529] [INFO] console - Reconnecting to server per timeout of 30ms.
[2017-03-22 20:55:19.559] [INFO] console - Reconnecting to server per timeout of 30ms.
[2017-03-22 20:55:19.589] [INFO] console - Reconnecting to server per timeout of 30ms.
[2017-03-22 20:55:19.620] [INFO] console - Reconnecting to server per timeout of 30ms.
[2017-03-22 20:55:19.650] [INFO] console - Reconnecting to server per timeout of 30ms.
[2017-03-22 20:55:19.680] [INFO] console - Reconnecting to server per timeout of 30ms.
[2017-03-22 20:55:19.711] [INFO] console - Reconnecting to server per timeout of 30ms.
[2017-03-22 20:55:19.742] [INFO] console - Reconnecting to server per timeout of 30ms.
[2017-03-22 20:55:19.773] [INFO] console - Reconnecting to server per timeout of 30ms.
[2017-03-22 20:55:19.803] [INFO] console - Reconnecting to server per timeout of 30ms.
[2017-03-22 20:55:19.832] [INFO] console - Reconnecting to server per timeout of 30ms.
[2017-03-22 20:55:19.863] [INFO] console - Reconnecting to server per timeout of 30ms.
[2017-03-22 20:55:19.894] [INFO] console - Reconnecting to server per timeout of 30ms.
[2017-03-22 20:55:19.924] [INFO] console - Reconnecting to server per timeout of 30ms.
[2017-03-22 20:55:19.954] [INFO] console - Reconnecting to server per timeout of 30ms.
[2017-03-22 20:55:19.985] [INFO] console - Reconnecting to server per timeout of 30ms.
[2017-03-22 20:55:20.016] [INFO] console - Reconnecting to server per timeout of 30ms.
[2017-03-22 20:55:20.046] [INFO] console - Reconnecting to server per timeout of 30ms.
[2017-03-22 20:55:20.077] [INFO] console - Reconnecting to server per timeout of 30ms.
[2017-03-22 20:55:20.108] [INFO] console - Reconnecting to server per timeout of 30ms.
[2017-03-22 20:55:20.139] [INFO] console - Reconnecting to server per timeout of 30ms.
[2017-03-22 20:55:20.168] [INFO] console - Reconnecting to server per timeout of 30ms.
[2017-03-22 20:55:20.198] [INFO] console - Reconnecting to server per timeout of 30ms.
[2017-03-22 20:55:20.229] [INFO] console - Reconnecting to server per timeout of 30ms.
[2017-03-22 20:55:20.259] [INFO] console - Reconnecting to server per timeout of 30ms.
[2017-03-22 20:55:20.290] [INFO] console - Reconnecting to server per timeout of 30ms.
[2017-03-22 20:55:20.320] [INFO] console - Reconnecting to server per timeout of 30ms.
[2017-03-22 20:55:20.350] [INFO] console - Reconnecting to server per timeout of 30ms.
[2017-03-22 20:55:20.381] [INFO] console - Reconnecting to server per timeout of 30ms.
[2017-03-22 20:55:20.411] [INFO] console - Reconnecting to server per timeout of 30ms.
[2017-03-22 20:55:20.441] [INFO] console - Reconnecting to server per timeout of 30ms.
[2017-03-22 20:55:20.471] [INFO] console - Reconnecting to server per timeout of 30ms.
[2017-03-22 20:55:20.501] [INFO] console - Reconnecting to server per timeout of 30ms.
[2017-03-22 20:55:20.532] [INFO] console - Reconnecting to server per timeout of 30ms.
[2017-03-22 20:55:20.562] [INFO] console - Reconnecting to server per timeout of 30ms.
[2017-03-22 20:55:20.592] [INFO] console - Reconnecting to server per timeout of 30ms.
[2017-03-22 20:55:20.622] [INFO] console - Reconnecting to server per timeout of 30ms.
[2017-03-22 20:55:20.652] [INFO] console - Reconnecting to server per timeout of 30ms.
[2017-03-22 20:55:20.682] [INFO] console - Reconnecting to server per timeout of 30ms.
[2017-03-22 20:55:20.713] [INFO] console - Reconnecting to server per timeout of 30ms.
[2017-03-22 20:55:20.743] [INFO] console - Reconnecting to server per timeout of 30ms.
[2017-03-22 20:55:20.774] [INFO] console - Reconnecting to server per timeout of 30ms.
[2017-03-22 20:55:20.804] [INFO] console - Reconnecting to server per timeout of 30ms.
[2017-03-22 20:55:20.834] [INFO] console - Reconnecting to server per timeout of 30ms.
[2017-03-22 20:55:20.863] [INFO] console - Reconnecting to server per timeout of 30ms.
[2017-03-22 20:55:20.893] [INFO] console - Reconnecting to server per timeout of 30ms.
[2017-03-22 20:55:20.923] [INFO] console - Reconnecting to server per timeout of 30ms.
[2017-03-22 20:55:20.954] [INFO] console - Reconnecting to server per timeout of 30ms.
[2017-03-22 20:55:20.985] [INFO] console - Reconnecting to server per timeout of 30ms.
[2017-03-22 20:55:21.014] [INFO] console - Reconnecting to server per timeout of 30ms.
[2017-03-22 20:55:21.045] [INFO] console - Reconnecting to server per timeout of 30ms.
[2017-03-22 20:55:21.075] [INFO] console - Reconnecting to server per timeout of 30ms.
[2017-03-22 20:55:21.107] [INFO] console - Reconnecting to server per timeout of 30ms.
[2017-03-22 20:55:21.136] [INFO] console - Reconnecting to server per timeout of 30ms.
[2017-03-22 20:55:21.167] [INFO] console - Reconnecting to server per timeout of 30ms.
[2017-03-22 20:55:21.197] [INFO] console - Reconnecting to server per timeout of 30ms.
[2017-03-22 20:55:21.228] [INFO] console - Reconnecting to server per timeout of 30ms.
[2017-03-22 20:55:21.258] [INFO] console - Reconnecting to server per timeout of 30ms.
[2017-03-22 20:55:21.289] [INFO] console - Reconnecting to server per timeout of 30ms.
[2017-03-22 20:55:21.319] [INFO] console - Reconnecting to server per timeout of 30ms.
[2017-03-22 20:55:21.349] [INFO] console - Reconnecting to server per timeout of 30ms.
[2017-03-22 20:55:21.380] [INFO] console - Reconnecting to server per timeout of 30ms.
[2017-03-22 20:55:21.410] [INFO] console - Reconnecting to server per timeout of 30ms.
[2017-03-22 20:55:21.440] [INFO] console - Reconnecting to server per timeout of 30ms.
[2017-03-22 20:55:21.471] [INFO] console - Reconnecting to server per timeout of 30ms.
[2017-03-22 20:55:21.501] [INFO] console - Reconnecting to server per timeout of 30ms.
[2017-03-22 20:55:21.530] [INFO] console - Reconnecting to server per timeout of 30ms.
[2017-03-22 20:55:21.561] [INFO] console - Reconnecting to server per timeout of 30ms.
[2017-03-22 20:55:21.592] [INFO] console - Reconnecting to server per timeout of 30ms.
[2017-03-22 20:55:21.622] [INFO] console - Reconnecting to server per timeout of 30ms.
[2017-03-22 20:55:21.651] [INFO] console - Reconnecting to server per timeout of 30ms.
[2017-03-22 20:55:21.682] [INFO] console - Reconnecting to server per timeout of 30ms.
[2017-03-22 20:55:21.712] [INFO] console - Reconnecting to server per timeout of 30ms.
[2017-03-22 20:55:21.743] [INFO] console - Reconnecting to server per timeout of 30ms.
[2017-03-22 20:55:21.773] [INFO] console - Reconnecting to server per timeout of 30ms.
[2017-03-22 20:55:21.803] [INFO] console - Reconnecting to server per timeout of 30ms.
[2017-03-22 20:55:21.832] [INFO] console - Reconnecting to server per timeout of 30ms.
[2017-03-22 20:55:21.863] [INFO] console - Reconnecting to server per timeout of 30ms.
[2017-03-22 20:55:21.893] [INFO] console - Reconnecting to server per timeout of 30ms.
[2017-03-22 20:55:21.923] [INFO] console - Reconnecting to server per timeout of 30ms.
[2017-03-22 20:55:21.953] [INFO] console - Reconnecting to server per timeout of 30ms.
[2017-03-22 20:55:21.984] [INFO] console - Reconnecting to server per timeout of 30ms.
[2017-03-22 20:55:22.014] [INFO] console - Reconnecting to server per timeout of 30ms.
[2017-03-22 20:55:22.044] [INFO] console - Reconnecting to server per timeout of 30ms.
[2017-03-22 20:55:22.074] [INFO] console - Reconnecting to server per timeout of 30ms.
[2017-03-22 20:55:22.105] [INFO] console - Reconnecting to server per timeout of 30ms.
[2017-03-22 20:55:22.135] [INFO] console - Reconnecting to server per timeout of 30ms.
[2017-03-22 20:55:22.166] [INFO] console - Reconnecting to server per timeout of 30ms.
[2017-03-22 20:55:22.197] [INFO] console - Reconnecting to server per timeout of 30ms.
[2017-03-22 20:55:22.227] [INFO] console - Reconnecting to server per timeout of 30ms.
[2017-03-22 20:55:22.258] [INFO] console - Reconnecting to server per timeout of 30ms.
[2017-03-22 20:55:25.588] [INFO] console - Reconnecting to server per timeout of 300ms.
[2017-03-22 20:55:25.892] [INFO] console - Reconnecting to server per timeout of 300ms.
[2017-03-22 20:55:26.193] [INFO] console - Reconnecting to server per timeout of 300ms.
[2017-03-22 20:55:26.495] [INFO] console - Reconnecting to server per timeout of 300ms.
[2017-03-22 20:55:26.796] [INFO] console - Reconnecting to server per timeout of 300ms.
[2017-03-22 20:55:27.097] [INFO] console - Reconnecting to server per timeout of 300ms.
[2017-03-22 20:55:27.399] [INFO] console - Reconnecting to server per timeout of 300ms.
[2017-03-22 20:55:27.701] [INFO] console - Reconnecting to server per timeout of 300ms.
[2017-03-22 20:55:28.002] [INFO] console - Reconnecting to server per timeout of 300ms.
[2017-03-22 20:55:28.304] [INFO] console - Reconnecting to server per timeout of 300ms.
[2017-03-22 20:55:28.605] [INFO] console - Reconnecting to server per timeout of 300ms.
[2017-03-22 20:55:28.906] [INFO] console - Reconnecting to server per timeout of 300ms.
[2017-03-22 20:55:29.209] [INFO] console - Reconnecting to server per timeout of 300ms.
[2017-03-22 20:55:29.510] [INFO] console - Reconnecting to server per timeout of 300ms.
[2017-03-22 20:55:29.815] [INFO] console - Reconnecting to server per timeout of 300ms.
[2017-03-22 20:55:31.034] [INFO] console - Connected as: stats-bot
[2017-03-22 20:55:33.221] [INFO] console - Reconnecting to server per timeout of 3000ms.
[2017-03-22 20:55:36.088] [INFO] console - Connected as: stats-bot
[2017-03-22 20:55:36.224] [INFO] console - Reconnecting to server per timeout of 3000ms.
[2017-03-22 20:55:41.206] [INFO] console - Connected as: stats-bot
[2017-03-22 20:55:56.460] [INFO] console - Connected as: stats-bot
[2017-03-22 20:57:10.944] [INFO] console - Connected as: stats-bot
[2017-03-22 20:57:38.722] [INFO] console - Connected as: stats-bot
[2017-03-22 21:57:38.261] [INFO] console - Reconnecting to server per timeout of 3600000ms.
[2017-03-22 21:57:38.756] [INFO] console - Connected as: stats-bot
[2017-03-22 21:59:09.542] [INFO] console - Connected as: stats-bot
[2017-03-22 22:01:15.236] [INFO] console - Connected as: Thor
[2017-03-22 22:01:26.223] [INFO] console - Connected as: Thor
[2017-03-22 22:02:52.814] [INFO] console - Connected as: Thor
[2017-03-22 22:03:26.951] [INFO] console - Connected as: Thor
[2017-03-22 22:04:52.509] [INFO] console - Connected as: Thor
[2017-03-22 22:05:16.163] [INFO] console - Connected as: Thor
[2017-03-22 22:06:48.432] [INFO] console - Connected as: Thor
[2017-03-22 22:10:14.901] [INFO] console - Connected as: Thor
[2017-03-22 22:10:25.688] [INFO] console - Connected as: Thor
[2017-03-22 22:10:30.769] [INFO] console - Connected as: Thor
[2017-03-22 22:10:45.443] [INFO] console - Connected as: Thor
[2017-03-22 22:11:44.211] [INFO] console - Connected as: Thor
[2017-03-22 22:11:55.264] [INFO] console - Connected as: Thor
[2017-03-22 22:12:04.737] [INFO] console - Connected as: Thor
[2017-03-22 22:15:43.228] [INFO] console - Connected as: Thor
[2017-03-22 22:19:20.065] [INFO] console - Connected as: Thor
[2017-03-22 22:21:34.148] [INFO] console - Connected as: Thor
[2017-03-22 22:25:14.795] [INFO] console - Connected as: Thor
[2017-03-22 22:26:35.644] [INFO] console - Connected as: Thor
[2017-03-22 22:28:36.382] [INFO] console - Connected as: Thor
[2017-03-22 22:28:56.101] [INFO] console - Connected as: Thor
[2017-03-22 22:35:31.968] [INFO] console - Connected as: Thor
[2017-03-22 22:37:02.982] [INFO] console - Connected as: Thor
[2017-03-22 22:37:49.873] [INFO] console - Connected as: Thor
[2017-03-22 22:38:19.730] [INFO] console - Connected as: Thor
[2017-03-22 22:38:34.573] [INFO] console - Connected as: Thor
[2017-03-22 22:40:24.172] [INFO] console - Connected as: Thor
[2017-03-22 22:40:39.878] [INFO] console - Connected as: Thor
[2017-03-22 22:40:45.521] [INFO] console - Connected as: Thor
[2017-03-22 23:09:56.832] [INFO] console - Connected as: Thor
[2017-03-22 23:10:17.934] [INFO] console - Connected as: Thor
[2017-03-22 23:10:45.405] [INFO] console - Connected as: Thor
[2017-03-22 23:13:07.241] [INFO] console - Connected as: Thor
[2017-03-22 23:20:46.510] [INFO] console - Connected as: Thor
[2017-03-22 23:21:04.288] [INFO] console - Connected as: Thor
[2017-03-22 23:21:13.505] [INFO] console - Connected as: Thor
[2017-03-22 23:24:58.934] [INFO] console - Connected as: Thor
[2017-03-22 23:29:47.481] [INFO] console - Connected as: Thor
[2017-03-22 23:30:50.389] [INFO] console - Connected as: Thor
[2017-03-22 23:30:55.463] [INFO] console - Connected as: Thor
[2017-03-22 23:38:16.915] [INFO] console - Connected as: Thor
[2017-03-22 23:38:26.224] [INFO] console - Connected as: Thor
[2017-03-22 23:48:51.840] [INFO] console - Connected as: Thor
[2017-03-22 23:50:23.588] [INFO] console - Connected as: Thor
[2017-03-22 23:51:12.304] [INFO] console - Connected as: Thor
[2017-03-22 23:51:25.996] [INFO] console - Connected as: Thor
[2017-03-22 23:57:23.673] [INFO] console - Connected as: Thor
[2017-03-22 23:57:53.989] [INFO] console - Connected as: Thor
[2017-03-23 00:03:24.791] [INFO] console - Connected as: Thor
[2017-03-23 01:03:24.213] [INFO] console - Reconnecting to server per timeout of 3600000ms.
[2017-03-23 01:03:24.892] [INFO] console - Connected as: Thor
[2017-03-23 02:03:24.222] [INFO] console - Reconnecting to server per timeout of 3600000ms.
[2017-03-23 02:03:24.803] [INFO] console - Connected as: Thor
[2017-03-23 02:11:40.007] [INFO] console - Connected as: Thor
[2017-03-23 02:17:36.066] [INFO] console - Connected as: Thor
[2017-03-23 03:17:35.473] [INFO] console - Reconnecting to server per timeout of 3600000ms.
[2017-03-23 03:17:36.007] [INFO] console - Connected as: Thor
[2017-03-23 13:23:26.522] [INFO] console - Connected as: Thor
[2017-03-23 13:26:04.269] [INFO] console - Connected as: Thor
[2017-03-23 14:26:03.785] [INFO] console - Reconnecting to server per timeout of 3600000ms.
[2017-03-23 14:26:04.681] [INFO] console - Connected as: Thor
[2017-03-23 15:26:03.790] [INFO] console - Reconnecting to server per timeout of 3600000ms.
[2017-03-23 15:26:04.374] [INFO] console - Connected as: Thor
[2017-03-23 16:26:03.792] [INFO] console - Reconnecting to server per timeout of 3600000ms.
[2017-03-23 16:26:04.443] [INFO] console - Connected as: Thor
[2017-03-23 17:30:11.641] [INFO] console - Connected as: Thor
[2017-03-23 17:30:32.300] [INFO] console - Connected as: Thor
[2017-03-23 17:30:51.795] [INFO] console - Connected as: Thor
[2017-03-23 17:31:37.464] [INFO] console - Connected as: Thor
[2017-03-23 17:53:14.611] [INFO] console - Connected as: Thor
[2017-03-23 17:57:24.703] [INFO] console - Connected as: Thor
[2017-03-23 17:57:43.349] [INFO] console - Connected as: Thor
[2017-03-23 17:57:53.624] [INFO] console - Connected as: Thor
[2017-03-23 17:58:11.959] [INFO] console - Connected as: Thor
[2017-03-23 17:59:17.838] [INFO] console - Connected as: Thor
[2017-03-23 18:11:19.797] [INFO] console - Connected as: Thor
[2017-03-23 19:11:19.145] [INFO] console - Reconnecting to server per timeout of 3600000ms.
[2017-03-23 19:11:19.714] [INFO] console - Connected as: Thor
[2017-03-23 20:11:19.148] [INFO] console - Reconnecting to server per timeout of 3600000ms.
[2017-03-23 20:11:19.744] [INFO] console - Connected as: Thor
[2017-03-23 20:23:37.003] [INFO] console - Connected as: Thor
[2017-03-23 20:25:33.791] [INFO] console - Connected as: Thor
[2017-03-23 20:25:56.903] [INFO] console - Connected as: Thor
[2017-03-23 20:26:41.441] [INFO] console - Connected as: Thor
[2017-03-23 20:27:05.159] [INFO] console - Connected as: Thor
[2017-03-23 20:28:32.519] [INFO] console - Connected as: Thor
[2017-03-23 20:29:00.961] [INFO] console - Connected as: Thor
[2017-03-23 20:30:56.524] [INFO] console - Connected as: Thor
[2017-03-23 20:31:20.039] [INFO] console - Connected as: Thor
[2017-03-23 20:32:06.086] [INFO] console - Connected as: Thor
[2017-03-23 20:32:17.176] [INFO] console - Connected as: Thor
[2017-03-23 20:32:29.880] [INFO] console - Connected as: Thor
[2017-03-23 20:33:18.390] [INFO] console - Connected as: Thor
[2017-03-23 20:33:37.109] [INFO] console - Connected as: Thor
[2017-03-23 20:33:47.385] [INFO] console - Connected as: Thor
[2017-03-23 20:37:36.961] [INFO] console - Connected as: Thor
[2017-03-23 20:38:08.773] [INFO] console - Connected as: Thor
[2017-03-23 20:38:38.185] [INFO] console - Connected as: Thor
[2017-03-23 20:38:47.731] [INFO] console - Connected as: Thor
[2017-03-23 20:38:56.739] [INFO] console - Connected as: Thor
[2017-03-23 20:39:21.942] [INFO] console - Connected as: Thor
[2017-03-23 20:41:28.845] [INFO] console - Connected as: Thor
[2017-03-23 20:41:39.090] [INFO] console - Connected as: Thor
[2017-03-23 20:41:48.135] [INFO] console - Connected as: Thor
[2017-03-23 20:42:35.412] [INFO] console - Connected as: Thor
[2017-03-23 20:42:43.120] [INFO] console - Connected as: Thor
[2017-03-23 20:42:48.206] [INFO] console - Connected as: Thor
[2017-03-23 20:43:50.293] [INFO] console - Connected as: Thor
[2017-03-23 20:46:54.681] [INFO] console - Connected as: Thor
[2017-03-23 20:50:05.288] [INFO] console - Connected as: Thor
[2017-03-23 20:50:27.543] [INFO] console - Connected as: Thor
[2017-03-23 20:51:04.547] [INFO] console - Connected as: Thor
[2017-03-23 20:51:29.410] [INFO] console - Connected as: Thor
[2017-03-23 20:52:20.842] [INFO] console - Connected as: Thor
[2017-03-23 20:52:35.009] [INFO] console - Connected as: Thor
[2017-03-23 20:52:45.397] [INFO] console - Connected as: Thor
[2017-03-23 20:53:01.720] [INFO] console - Connected as: Thor
[2017-03-23 20:53:16.609] [INFO] console - Connected as: Thor
[2017-03-23 21:13:06.040] [INFO] console - Connected as: Thor
[2017-03-23 21:13:31.156] [INFO] console - Connected as: Thor
[2017-03-23 21:13:36.248] [INFO] console - Connected as: Thor
[2017-03-23 22:01:21.896] [INFO] console - Disconnected from server ...
[2017-03-23 22:01:21.897] [INFO] console - Reconnecting to Discord ... 
[2017-03-23 22:01:23.099] [INFO] console - Connected as: Thor
[2017-03-23 22:13:33.477] [INFO] console - Reconnecting to server per timeout of 3600000ms.
[2017-03-23 22:13:34.074] [INFO] console - Connected as: Thor
[2017-03-23 23:13:33.479] [INFO] console - Reconnecting to server per timeout of 3600000ms.
[2017-03-23 23:13:34.071] [INFO] console - Connected as: Thor
[2017-03-23 23:57:38.901] [INFO] console - Connected as: Thor
[2017-03-24 00:57:37.855] [INFO] console - Reconnecting to server per timeout of 3600000ms.
[2017-03-24 00:57:38.587] [INFO] console - Connected as: Thor
[2017-03-24 01:57:37.878] [INFO] console - Reconnecting to server per timeout of 3600000ms.
[2017-03-24 01:57:38.460] [INFO] console - Connected as: Thor
[2017-03-24 02:27:12.501] [INFO] console - Disconnected from server ...
[2017-03-24 02:27:12.501] [INFO] console - Reconnecting to Discord ... 
[2017-03-24 02:27:14.105] [INFO] console - Connected as: Thor
[2017-03-24 02:57:37.890] [INFO] console - Reconnecting to server per timeout of 3600000ms.
[2017-03-24 02:57:39.147] [INFO] console - Connected as: Thor
[2017-03-24 03:49:00.600] [INFO] console - Disconnected from server ...
[2017-03-24 03:49:00.601] [INFO] console - Reconnecting to Discord ... 
[2017-03-24 03:49:00.964] [INFO] console - Connected as: Thor
[2017-03-24 03:57:37.925] [INFO] console - Reconnecting to server per timeout of 3600000ms.
[2017-03-24 03:57:39.131] [INFO] console - Connected as: Thor
[2017-03-24 04:57:37.934] [INFO] console - Reconnecting to server per timeout of 3600000ms.
[2017-03-24 04:57:39.012] [INFO] console - Connected as: Thor
[2017-03-24 05:57:37.949] [INFO] console - Reconnecting to server per timeout of 3600000ms.
[2017-03-24 05:57:38.765] [INFO] console - Connected as: Thor
[2017-03-24 06:19:11.997] [INFO] console - Disconnected from server ...
[2017-03-24 06:19:11.998] [INFO] console - Reconnecting to Discord ... 
[2017-03-24 06:19:12.545] [INFO] console - Connected as: Thor
[2017-03-24 06:42:00.546] [INFO] console - Disconnected from server ...
[2017-03-24 06:42:00.547] [INFO] console - Reconnecting to Discord ... 
[2017-03-24 06:42:00.917] [INFO] console - Connected as: Thor
[2017-03-24 06:57:37.964] [INFO] console - Reconnecting to server per timeout of 3600000ms.
[2017-03-24 06:57:38.669] [INFO] console - Connected as: Thor
[2017-03-24 07:57:37.977] [INFO] console - Reconnecting to server per timeout of 3600000ms.
[2017-03-24 07:57:38.714] [INFO] console - Connected as: Thor
[2017-03-24 08:57:38.022] [INFO] console - Reconnecting to server per timeout of 3600000ms.
[2017-03-24 08:57:39.260] [INFO] console - Connected as: Thor
[2017-03-24 09:57:38.041] [INFO] console - Reconnecting to server per timeout of 3600000ms.
[2017-03-24 09:57:38.506] [INFO] console - Connected as: Thor
[2017-03-24 10:57:38.069] [INFO] console - Reconnecting to server per timeout of 3600000ms.
[2017-03-24 10:57:38.603] [INFO] console - Connected as: Thor
[2017-03-24 11:57:38.088] [INFO] console - Reconnecting to server per timeout of 3600000ms.
[2017-03-24 11:57:38.648] [INFO] console - Connected as: Thor
[2017-03-24 12:57:38.101] [INFO] console - Reconnecting to server per timeout of 3600000ms.
[2017-03-24 12:57:38.583] [INFO] console - Connected as: Thor
[2017-03-24 13:57:38.114] [INFO] console - Reconnecting to server per timeout of 3600000ms.
[2017-03-24 13:57:38.694] [INFO] console - Connected as: Thor
[2017-03-24 14:36:34.588] [INFO] console - Disconnected from server ...
[2017-03-24 14:36:34.588] [INFO] console - Reconnecting to Discord ... 
[2017-03-24 14:36:34.916] [INFO] console - Connected as: Thor
[2017-03-24 14:54:18.711] [INFO] console - Connected as: Thor
[2017-03-24 14:55:13.232] [INFO] console - Connected as: Thor
[2017-03-24 14:56:41.765] [INFO] console - Connected as: Thor
[2017-03-24 14:57:53.312] [INFO] console - Connected as: Thor
[2017-03-24 14:59:30.822] [INFO] console - Connected as: Thor
[2017-03-24 15:01:21.287] [INFO] console - Connected as: Thor
[2017-03-24 15:02:03.916] [INFO] console - Connected as: Thor
[2017-03-24 15:25:33.707] [INFO] console - Connected as: Thor
[2017-03-24 15:26:43.022] [INFO] console - Connected as: Thor
[2017-03-24 15:27:29.640] [INFO] console - Connected as: Thor
[2017-03-24 15:27:34.700] [INFO] console - Connected as: Thor
[2017-03-24 15:29:30.250] [INFO] console - Connected as: Thor
[2017-03-24 15:29:53.590] [INFO] console - Connected as: Thor
[2017-03-24 15:30:52.177] [INFO] console - Connected as: Thor
[2017-03-24 15:31:01.239] [INFO] console - Connected as: Thor
[2017-03-24 15:31:16.549] [INFO] console - Connected as: Thor
[2017-03-24 15:32:15.743] [INFO] console - Connected as: Thor
[2017-03-24 15:37:18.881] [INFO] console - Connected as: Thor
[2017-03-24 15:39:19.848] [INFO] console - Connected as: Thor
[2017-03-24 15:40:24.668] [INFO] console - Connected as: Thor
[2017-03-24 15:47:05.259] [INFO] console - Connected as: Thor
[2017-03-24 15:47:20.644] [INFO] console - Connected as: Thor
[2017-03-24 15:48:16.584] [INFO] console - Connected as: Thor
[2017-03-24 15:48:35.324] [INFO] console - Connected as: Thor
[2017-03-24 15:48:46.854] [INFO] console - Connected as: Thor
[2017-03-24 15:51:02.453] [INFO] console - Connected as: Thor
[2017-03-24 15:59:01.891] [INFO] console - Connected as: Thor
[2017-03-24 15:59:40.607] [INFO] console - Connected as: Thor
[2017-03-24 16:00:16.802] [INFO] console - Connected as: Thor
[2017-03-24 16:00:22.113] [INFO] console - Connected as: Thor
[2017-03-24 16:00:34.503] [INFO] console - Connected as: Thor
[2017-03-24 16:01:46.427] [INFO] console - Connected as: Thor
[2017-03-24 16:01:58.728] [INFO] console - Connected as: Thor
[2017-03-24 16:02:08.228] [INFO] console - Connected as: Thor
